# JRE version: OpenJDK Runtime Environment (8.0_242-b01) (build 1.8.0_242-release-1644-b01)
# Java VM: OpenJDK 64-Bit Server VM (25.242-b01 mixed mode windows-amd64 compressed oops)
Heap:
 PSYoungGen      total 398336K, used 108216K [0x00000000d5580000, 0x00000000f3180000, 0x0000000100000000)
  eden space 360448K, 27% used [0x00000000d5580000,0x00000000db502f88,0x00000000eb580000)
  from space 37888K, 27% used [0x00000000eb580000,0x00000000ebfab418,0x00000000eda80000)
  to   space 36864K, 0% used [0x00000000f0d80000,0x00000000f0d80000,0x00000000f3180000)
 ParOldGen       total 222720K, used 83938K [0x0000000080000000, 0x000000008d980000, 0x00000000d5580000)
  object space 222720K, 37% used [0x0000000080000000,0x00000000851f8b78,0x000000008d980000)
 Metaspace       used 80779K, capacity 85558K, committed 85800K, reserved 1124352K
  class space    used 10652K, capacity 11504K, committed 11560K, reserved 1048576K
GC Heap History (10 events):
Event: 4.841 GC heap before
{Heap before GC invocations=10 (full 2):
 PSYoungGen      total 227840K, used 143172K [0x00000000d5580000, 0x00000000ea780000, 0x0000000100000000)
  eden space 212992K, 60% used [0x00000000d5580000,0x00000000dd2d5e10,0x00000000e2580000)
  from space 14848K, 99% used [0x00000000e2580000,0x00000000e33fb2f8,0x00000000e3400000)
  to   space 16896K, 0% used [0x00000000e9700000,0x00000000e9700000,0x00000000ea780000)
 ParOldGen       total 150528K, used 15258K [0x0000000080000000, 0x0000000089300000, 0x00000000d5580000)
  object space 150528K, 10% used [0x0000000080000000,0x0000000080ee6ac8,0x0000000089300000)
 Metaspace       used 56217K, capacity 59036K, committed 59160K, reserved 1099776K
  class space    used 7689K, capacity 8251K, committed 8360K, reserved 1048576K
Event: 4.852 GC heap after
Heap after GC invocations=10 (full 2):
 PSYoungGen      total 323072K, used 16890K [0x00000000d5580000, 0x00000000ea980000, 0x0000000100000000)
  eden space 306176K, 0% used [0x00000000d5580000,0x00000000d5580000,0x00000000e8080000)
  from space 16896K, 99% used [0x00000000e9700000,0x00000000ea77e9e8,0x00000000ea780000)
  to   space 20992K, 0% used [0x00000000e8080000,0x00000000e8080000,0x00000000e9500000)
 ParOldGen       total 150528K, used 19840K [0x0000000080000000, 0x0000000089300000, 0x00000000d5580000)
  object space 150528K, 13% used [0x0000000080000000,0x0000000081360208,0x0000000089300000)
 Metaspace       used 56217K, capacity 59036K, committed 59160K, reserved 1099776K
  class space    used 7689K, capacity 8251K, committed 8360K, reserved 1048576K
}
Event: 4.852 GC heap before
{Heap before GC invocations=11 (full 3):
 PSYoungGen      total 323072K, used 16890K [0x00000000d5580000, 0x00000000ea980000, 0x0000000100000000)
  eden space 306176K, 0% used [0x00000000d5580000,0x00000000d5580000,0x00000000e8080000)
  from space 16896K, 99% used [0x00000000e9700000,0x00000000ea77e9e8,0x00000000ea780000)
  to   space 20992K, 0% used [0x00000000e8080000,0x00000000e8080000,0x00000000e9500000)
 ParOldGen       total 150528K, used 19840K [0x0000000080000000, 0x0000000089300000, 0x00000000d5580000)
  object space 150528K, 13% used [0x0000000080000000,0x0000000081360208,0x0000000089300000)
 Metaspace       used 56217K, capacity 59036K, committed 59160K, reserved 1099776K
  class space    used 7689K, capacity 8251K, committed 8360K, reserved 1048576K
Event: 4.967 GC heap after
Heap after GC invocations=11 (full 3):
 PSYoungGen      total 323072K, used 0K [0x00000000d5580000, 0x00000000ea980000, 0x0000000100000000)
  eden space 306176K, 0% used [0x00000000d5580000,0x00000000d5580000,0x00000000e8080000)
  from space 16896K, 0% used [0x00000000e9700000,0x00000000e9700000,0x00000000ea780000)
  to   space 20992K, 0% used [0x00000000e8080000,0x00000000e8080000,0x00000000e9500000)
 ParOldGen       total 222720K, used 34367K [0x0000000080000000, 0x000000008d980000, 0x00000000d5580000)
  object space 222720K, 15% used [0x0000000080000000,0x000000008218fed0,0x000000008d980000)
 Metaspace       used 56169K, capacity 58874K, committed 59160K, reserved 1099776K
  class space    used 7675K, capacity 8224K, committed 8360K, reserved 1048576K
}
Event: 6.951 GC heap before
{Heap before GC invocations=12 (full 3):
 PSYoungGen      total 323072K, used 305199K [0x00000000d5580000, 0x00000000ea980000, 0x0000000100000000)
  eden space 306176K, 99% used [0x00000000d5580000,0x00000000e7f8bf10,0x00000000e8080000)
  from space 16896K, 0% used [0x00000000e9700000,0x00000000e9700000,0x00000000ea780000)
  to   space 20992K, 0% used [0x00000000e8080000,0x00000000e8080000,0x00000000e9500000)
 ParOldGen       total 222720K, used 34367K [0x0000000080000000, 0x000000008d980000, 0x00000000d5580000)
  object space 222720K, 15% used [0x0000000080000000,0x000000008218fed0,0x000000008d980000)
 Metaspace       used 67325K, capacity 71230K, committed 71464K, reserved 1110016K
  class space    used 9170K, capacity 9924K, committed 10024K, reserved 1048576K
Event: 6.976 GC heap after
Heap after GC invocations=12 (full 3):
 PSYoungGen      total 327168K, used 20983K [0x00000000d5580000, 0x00000000ef780000, 0x0000000100000000)
  eden space 306176K, 0% used [0x00000000d5580000,0x00000000d5580000,0x00000000e8080000)
  from space 20992K, 99% used [0x00000000e8080000,0x00000000e94fdf78,0x00000000e9500000)
  to   space 29696K, 0% used [0x00000000eda80000,0x00000000eda80000,0x00000000ef780000)
 ParOldGen       total 222720K, used 49096K [0x0000000080000000, 0x000000008d980000, 0x00000000d5580000)
  object space 222720K, 22% used [0x0000000080000000,0x0000000082ff22b8,0x000000008d980000)
 Metaspace       used 67325K, capacity 71230K, committed 71464K, reserved 1110016K
  class space    used 9170K, capacity 9924K, committed 10024K, reserved 1048576K
}
Event: 10.390 GC heap before
{Heap before GC invocations=13 (full 3):
 PSYoungGen      total 327168K, used 327159K [0x00000000d5580000, 0x00000000ef780000, 0x0000000100000000)
  eden space 306176K, 100% used [0x00000000d5580000,0x00000000e8080000,0x00000000e8080000)
  from space 20992K, 99% used [0x00000000e8080000,0x00000000e94fdf78,0x00000000e9500000)
  to   space 29696K, 0% used [0x00000000eda80000,0x00000000eda80000,0x00000000ef780000)
 ParOldGen       total 222720K, used 49096K [0x0000000080000000, 0x000000008d980000, 0x00000000d5580000)
  object space 222720K, 22% used [0x0000000080000000,0x0000000082ff22b8,0x000000008d980000)
 Metaspace       used 74745K, capacity 79158K, committed 79272K, reserved 1118208K
  class space    used 10123K, capacity 10920K, committed 10920K, reserved 1048576K
Event: 10.411 GC heap after
Heap after GC invocations=13 (full 3):
 PSYoungGen      total 390144K, used 29695K [0x00000000d5580000, 0x00000000f0080000, 0x0000000100000000)
  eden space 360448K, 0% used [0x00000000d5580000,0x00000000d5580000,0x00000000eb580000)
  from space 29696K, 99% used [0x00000000eda80000,0x00000000ef77fcc8,0x00000000ef780000)
  to   space 37888K, 0% used [0x00000000eb580000,0x00000000eb580000,0x00000000eda80000)
 ParOldGen       total 222720K, used 60064K [0x0000000080000000, 0x000000008d980000, 0x00000000d5580000)
  object space 222720K, 26% used [0x0000000080000000,0x0000000083aa8080,0x000000008d980000)
 Metaspace       used 74745K, capacity 79158K, committed 79272K, reserved 1118208K
  class space    used 10123K, capacity 10920K, committed 10920K, reserved 1048576K
}
Event: 118.392 GC heap before
{Heap before GC invocations=14 (full 3):
 PSYoungGen      total 390144K, used 390143K [0x00000000d5580000, 0x00000000f0080000, 0x0000000100000000)
  eden space 360448K, 100% used [0x00000000d5580000,0x00000000eb580000,0x00000000eb580000)
  from space 29696K, 99% used [0x00000000eda80000,0x00000000ef77fcc8,0x00000000ef780000)
  to   space 37888K, 0% used [0x00000000eb580000,0x00000000eb580000,0x00000000eda80000)
 ParOldGen       total 222720K, used 60064K [0x0000000080000000, 0x000000008d980000, 0x00000000d5580000)
  object space 222720K, 26% used [0x0000000080000000,0x0000000083aa8080,0x000000008d980000)
 Metaspace       used 80713K, capacity 85442K, committed 85800K, reserved 1124352K
  class space    used 10648K, capacity 11496K, committed 11560K, reserved 1048576K
Event: 118.414 GC heap after
Heap after GC invocations=14 (full 3):
 PSYoungGen      total 398336K, used 10413K [0x00000000d5580000, 0x00000000f3180000, 0x0000000100000000)
  eden space 360448K, 0% used [0x00000000d5580000,0x00000000d5580000,0x00000000eb580000)
  from space 37888K, 27% used [0x00000000eb580000,0x00000000ebfab418,0x00000000eda80000)
  to   space 36864K, 0% used [0x00000000f0d80000,0x00000000f0d80000,0x00000000f3180000)
 ParOldGen       total 222720K, used 83938K [0x0000000080000000, 0x000000008d980000, 0x00000000d5580000)
  object space 222720K, 37% used [0x0000000080000000,0x00000000851f8b78,0x000000008d980000)
 Metaspace       used 80713K, capacity 85442K, committed 85800K, reserved 1124352K
  class space    used 10648K, capacity 11496K, committed 11560K, reserved 1048576K
}

