# JRE version: OpenJDK Runtime Environment (8.0_242-b01) (build 1.8.0_242-release-1644-b01)
# Java VM: OpenJDK 64-Bit Server VM (25.242-b01 mixed mode windows-amd64 compressed oops)
Heap:
 PSYoungGen      total 427520K, used 350813K [0x00000000d5580000, 0x00000000f2380000, 0x0000000100000000)
  eden space 406528K, 82% used [0x00000000d5580000,0x00000000e9c02978,0x00000000ee280000)
  from space 20992K, 78% used [0x00000000f0f00000,0x00000000f1f14c50,0x00000000f2380000)
  to   space 33280K, 0% used [0x00000000ee280000,0x00000000ee280000,0x00000000f0300000)
 ParOldGen       total 219648K, used 76415K [0x0000000080000000, 0x000000008d680000, 0x00000000d5580000)
  object space 219648K, 34% used [0x0000000080000000,0x0000000084a9fe08,0x000000008d680000)
 Metaspace       used 92365K, capacity 98310K, committed 98472K, reserved 1134592K
  class space    used 12330K, capacity 13439K, committed 13480K, reserved 1048576K
GC Heap History (10 events):
Event: 4.230 GC heap before
{Heap before GC invocations=11 (full 3):
 PSYoungGen      total 326144K, used 16875K [0x00000000d5580000, 0x00000000ead80000, 0x0000000100000000)
  eden space 309248K, 0% used [0x00000000d5580000,0x00000000d5580000,0x00000000e8380000)
  from space 16896K, 99% used [0x00000000e9b00000,0x00000000eab7afc8,0x00000000eab80000)
  to   space 21504K, 0% used [0x00000000e8380000,0x00000000e8380000,0x00000000e9880000)
 ParOldGen       total 148480K, used 20591K [0x0000000080000000, 0x0000000089100000, 0x00000000d5580000)
  object space 148480K, 13% used [0x0000000080000000,0x000000008141bf80,0x0000000089100000)
 Metaspace       used 56276K, capacity 59072K, committed 59160K, reserved 1099776K
  class space    used 7703K, capacity 8289K, committed 8360K, reserved 1048576K
Event: 4.340 GC heap after
Heap after GC invocations=11 (full 3):
 PSYoungGen      total 326144K, used 0K [0x00000000d5580000, 0x00000000ead80000, 0x0000000100000000)
  eden space 309248K, 0% used [0x00000000d5580000,0x00000000d5580000,0x00000000e8380000)
  from space 16896K, 0% used [0x00000000e9b00000,0x00000000e9b00000,0x00000000eab80000)
  to   space 21504K, 0% used [0x00000000e8380000,0x00000000e8380000,0x00000000e9880000)
 ParOldGen       total 219648K, used 35401K [0x0000000080000000, 0x000000008d680000, 0x00000000d5580000)
  object space 219648K, 16% used [0x0000000080000000,0x0000000082292468,0x000000008d680000)
 Metaspace       used 56231K, capacity 58922K, committed 59160K, reserved 1099776K
  class space    used 7689K, capacity 8264K, committed 8360K, reserved 1048576K
}
Event: 15.485 GC heap before
{Heap before GC invocations=12 (full 3):
 PSYoungGen      total 326144K, used 309248K [0x00000000d5580000, 0x00000000ead80000, 0x0000000100000000)
  eden space 309248K, 100% used [0x00000000d5580000,0x00000000e8380000,0x00000000e8380000)
  from space 16896K, 0% used [0x00000000e9b00000,0x00000000e9b00000,0x00000000eab80000)
  to   space 21504K, 0% used [0x00000000e8380000,0x00000000e8380000,0x00000000e9880000)
 ParOldGen       total 219648K, used 35401K [0x0000000080000000, 0x000000008d680000, 0x00000000d5580000)
  object space 219648K, 16% used [0x0000000080000000,0x0000000082292468,0x000000008d680000)
 Metaspace       used 67019K, capacity 70872K, committed 70952K, reserved 1110016K
  class space    used 9231K, capacity 10011K, committed 10024K, reserved 1048576K
Event: 15.508 GC heap after
Heap after GC invocations=12 (full 3):
 PSYoungGen      total 330752K, used 21473K [0x00000000d5580000, 0x00000000ef480000, 0x0000000100000000)
  eden space 309248K, 0% used [0x00000000d5580000,0x00000000d5580000,0x00000000e8380000)
  from space 21504K, 99% used [0x00000000e8380000,0x00000000e9878588,0x00000000e9880000)
  to   space 27136K, 0% used [0x00000000eda00000,0x00000000eda00000,0x00000000ef480000)
 ParOldGen       total 219648K, used 42848K [0x0000000080000000, 0x000000008d680000, 0x00000000d5580000)
  object space 219648K, 19% used [0x0000000080000000,0x00000000829d8300,0x000000008d680000)
 Metaspace       used 67019K, capacity 70872K, committed 70952K, reserved 1110016K
  class space    used 9231K, capacity 10011K, committed 10024K, reserved 1048576K
}
Event: 17.822 GC heap before
{Heap before GC invocations=13 (full 3):
 PSYoungGen      total 330752K, used 330721K [0x00000000d5580000, 0x00000000ef480000, 0x0000000100000000)
  eden space 309248K, 100% used [0x00000000d5580000,0x00000000e8380000,0x00000000e8380000)
  from space 21504K, 99% used [0x00000000e8380000,0x00000000e9878588,0x00000000e9880000)
  to   space 27136K, 0% used [0x00000000eda00000,0x00000000eda00000,0x00000000ef480000)
 ParOldGen       total 219648K, used 42848K [0x0000000080000000, 0x000000008d680000, 0x00000000d5580000)
  object space 219648K, 19% used [0x0000000080000000,0x00000000829d8300,0x000000008d680000)
 Metaspace       used 82730K, capacity 87798K, committed 87976K, reserved 1124352K
  class space    used 11429K, capacity 12355K, committed 12456K, reserved 1048576K
Event: 17.850 GC heap after
Heap after GC invocations=13 (full 3):
 PSYoungGen      total 390144K, used 27130K [0x00000000d5580000, 0x00000000eff00000, 0x0000000100000000)
  eden space 363008K, 0% used [0x00000000d5580000,0x00000000d5580000,0x00000000eb800000)
  from space 27136K, 99% used [0x00000000eda00000,0x00000000ef47ead8,0x00000000ef480000)
  to   space 34816K, 0% used [0x00000000eb800000,0x00000000eb800000,0x00000000eda00000)
 ParOldGen       total 219648K, used 53461K [0x0000000080000000, 0x000000008d680000, 0x00000000d5580000)
  object space 219648K, 24% used [0x0000000080000000,0x00000000834356e0,0x000000008d680000)
 Metaspace       used 82730K, capacity 87798K, committed 87976K, reserved 1124352K
  class space    used 11429K, capacity 12355K, committed 12456K, reserved 1048576K
}
Event: 5230.134 GC heap before
{Heap before GC invocations=14 (full 3):
 PSYoungGen      total 390144K, used 390138K [0x00000000d5580000, 0x00000000eff00000, 0x0000000100000000)
  eden space 363008K, 100% used [0x00000000d5580000,0x00000000eb800000,0x00000000eb800000)
  from space 27136K, 99% used [0x00000000eda00000,0x00000000ef47ead8,0x00000000ef480000)
  to   space 34816K, 0% used [0x00000000eb800000,0x00000000eb800000,0x00000000eda00000)
 ParOldGen       total 219648K, used 53461K [0x0000000080000000, 0x000000008d680000, 0x00000000d5580000)
  object space 219648K, 24% used [0x0000000080000000,0x00000000834356e0,0x000000008d680000)
 Metaspace       used 90497K, capacity 95944K, committed 96040K, reserved 1132544K
  class space    used 12228K, capacity 13258K, committed 13352K, reserved 1048576K
Event: 5230.168 GC heap after
Heap after GC invocations=14 (full 3):
 PSYoungGen      total 397824K, used 21073K [0x00000000d5580000, 0x00000000f3100000, 0x0000000100000000)
  eden space 363008K, 0% used [0x00000000d5580000,0x00000000d5580000,0x00000000eb800000)
  from space 34816K, 60% used [0x00000000eb800000,0x00000000ecc94688,0x00000000eda00000)
  to   space 34816K, 0% used [0x00000000f0f00000,0x00000000f0f00000,0x00000000f3100000)
 ParOldGen       total 219648K, used 76407K [0x0000000080000000, 0x000000008d680000, 0x00000000d5580000)
  object space 219648K, 34% used [0x0000000080000000,0x0000000084a9de08,0x000000008d680000)
 Metaspace       used 90497K, capacity 95944K, committed 96040K, reserved 1132544K
  class space    used 12228K, capacity 13258K, committed 13352K, reserved 1048576K
}
Event: 5489.116 GC heap before
{Heap before GC invocations=15 (full 3):
 PSYoungGen      total 397824K, used 384081K [0x00000000d5580000, 0x00000000f3100000, 0x0000000100000000)
  eden space 363008K, 100% used [0x00000000d5580000,0x00000000eb800000,0x00000000eb800000)
  from space 34816K, 60% used [0x00000000eb800000,0x00000000ecc94688,0x00000000eda00000)
  to   space 34816K, 0% used [0x00000000f0f00000,0x00000000f0f00000,0x00000000f3100000)
 ParOldGen       total 219648K, used 76407K [0x0000000080000000, 0x000000008d680000, 0x00000000d5580000)
  object space 219648K, 34% used [0x0000000080000000,0x0000000084a9de08,0x000000008d680000)
 Metaspace       used 91607K, capacity 97356K, committed 97576K, reserved 1134592K
  class space    used 12276K, capacity 13338K, committed 13352K, reserved 1048576K
Event: 5489.130 GC heap after
Heap after GC invocations=15 (full 3):
 PSYoungGen      total 427520K, used 16467K [0x00000000d5580000, 0x00000000f2380000, 0x0000000100000000)
  eden space 406528K, 0% used [0x00000000d5580000,0x00000000d5580000,0x00000000ee280000)
  from space 20992K, 78% used [0x00000000f0f00000,0x00000000f1f14c50,0x00000000f2380000)
  to   space 33280K, 0% used [0x00000000ee280000,0x00000000ee280000,0x00000000f0300000)
 ParOldGen       total 219648K, used 76415K [0x0000000080000000, 0x000000008d680000, 0x00000000d5580000)
  object space 219648K, 34% used [0x0000000080000000,0x0000000084a9fe08,0x000000008d680000)
 Metaspace       used 91607K, capacity 97356K, committed 97576K, reserved 1134592K
  class space    used 12276K, capacity 13338K, committed 13352K, reserved 1048576K
}

